<?xml version="1.0" encoding="utf-8"?>
<CoverageSession xmlns:xsd="http://www.w3.org/2001/XMLSchema" xmlns:xsi="http://www.w3.org/2001/XMLSchema-instance" Version="0.0.0.0">
  <Summary numSequencePoints="223" visitedSequencePoints="206" numBranchPoints="0" visitedBranchPoints="0" sequenceCoverage="92.38" branchCoverage="0.0" maxCyclomaticComplexity="0" minCyclomaticComplexity="0" maxCrapScore="0" minCrapScore="0" visitedClasses="11" numClasses="11" visitedMethods="34" numMethods="34" />
  <Modules>
    <Module>
      <Summary numSequencePoints="223" visitedSequencePoints="206" numBranchPoints="0" visitedBranchPoints="0" sequenceCoverage="92.38" branchCoverage="0.0" maxCyclomaticComplexity="0" minCyclomaticComplexity="0" maxCrapScore="0" minCrapScore="0" visitedClasses="11" numClasses="11" visitedMethods="34" numMethods="34" />
      <ModuleTime>0001-01-01T00:00:00</ModuleTime>
      <ModuleName>Drush.Runtime</ModuleName>
      <Files>
        <File uid="1" fullPath="C:/Users/WeeSe/Documents/GitHub/T-ESP-800-project-100891-TLS_DRUSH/Drush/Assets/Scripts/Network/NetworkManager.cs" />
        <File uid="2" fullPath="C:/Users/WeeSe/Documents/GitHub/T-ESP-800-project-100891-TLS_DRUSH/Drush/Assets/Scripts/Network/PlayerInputProvider.cs" />
        <File uid="3" fullPath="C:/Users/WeeSe/Documents/GitHub/T-ESP-800-project-100891-TLS_DRUSH/Drush/Assets/Scripts/Network/PlayerInteractionManager.cs" />
        <File uid="4" fullPath="C:/Users/WeeSe/Documents/GitHub/T-ESP-800-project-100891-TLS_DRUSH/Drush/Assets/Scripts/Network/PlayerNetworkMovement.cs" />
        <File uid="5" fullPath="C:/Users/WeeSe/Documents/GitHub/T-ESP-800-project-100891-TLS_DRUSH/Drush/Assets/Scripts/Network/PlayerSpawner.cs" />
        <File uid="6" fullPath="C:/Users/WeeSe/Documents/GitHub/T-ESP-800-project-100891-TLS_DRUSH/Drush/Assets/Scripts/Network/RoomManager.cs" />
        <File uid="7" fullPath="C:/Users/WeeSe/Documents/GitHub/T-ESP-800-project-100891-TLS_DRUSH/Drush/Assets/Scripts/Network/InteractableTest.cs" />
        <File uid="8" fullPath="C:/Users/WeeSe/Documents/GitHub/T-ESP-800-project-100891-TLS_DRUSH/Drush/Assets/Scripts/Manager/EventManager.cs" />
        <File uid="9" fullPath="C:/Users/WeeSe/Documents/GitHub/T-ESP-800-project-100891-TLS_DRUSH/Drush/Assets/Scripts/Manager/UIManager.cs" />
        <File uid="10" fullPath="C:/Users/WeeSe/Documents/GitHub/T-ESP-800-project-100891-TLS_DRUSH/Drush/Assets/Scripts/Data/BalancingData.cs" />
      </Files>
      <Classes>
        <Class>
          <Summary numSequencePoints="5" visitedSequencePoints="5" numBranchPoints="0" visitedBranchPoints="0" sequenceCoverage="100.0" branchCoverage="0.0" maxCyclomaticComplexity="0" minCyclomaticComplexity="0" maxCrapScore="0" minCrapScore="0" visitedClasses="1" numClasses="1" visitedMethods="2" numMethods="2" />
          <FullName>Drush.Network.NetworkManager</FullName>
          <Methods>
            <Method visited="true" cyclomaticComplexity="0" nPathComplexity="0" sequenceCoverage="100.0" branchCoverage="0" crapScore="0" isConstructor="false" isStatic="false" isGetter="false" isSetter="false">
              <Summary numSequencePoints="4" visitedSequencePoints="4" numBranchPoints="0" visitedBranchPoints="0" sequenceCoverage="100.0" branchCoverage="0" maxCyclomaticComplexity="0" minCyclomaticComplexity="0" maxCrapScore="0" minCrapScore="0" visitedClasses="0" numClasses="0" visitedMethods="1" numMethods="1" />
              <MetadataToken>100663299</MetadataToken>
              <Name>System.Void Drush.Network.NetworkManager::OnEnable()</Name>
              <FileRef uid="1" />
              <SequencePoints>
                <SequencePoint vc="1" uspid="333" ordinal="0" offset="0" sl="16" sc="9" el="16" ec="9" bec="0" bev="0" fileid="1" />
                <SequencePoint vc="1" uspid="334" ordinal="0" offset="1" sl="17" sc="13" el="17" ec="13" bec="0" bev="0" fileid="1" />
                <SequencePoint vc="1" uspid="335" ordinal="0" offset="19" sl="18" sc="13" el="18" ec="13" bec="0" bev="0" fileid="1" />
                <SequencePoint vc="1" uspid="336" ordinal="0" offset="37" sl="19" sc="9" el="19" ec="9" bec="0" bev="0" fileid="1" />
              </SequencePoints>
              <BranchPoints />
            </Method>
            <Method visited="true" cyclomaticComplexity="0" nPathComplexity="0" sequenceCoverage="100.0" branchCoverage="0" crapScore="0" isConstructor="true" isStatic="false" isGetter="false" isSetter="false">
              <Summary numSequencePoints="1" visitedSequencePoints="1" numBranchPoints="0" visitedBranchPoints="0" sequenceCoverage="100.0" branchCoverage="0" maxCyclomaticComplexity="0" minCyclomaticComplexity="0" maxCrapScore="0" minCrapScore="0" visitedClasses="0" numClasses="0" visitedMethods="1" numMethods="1" />
              <MetadataToken>100663303</MetadataToken>
              <Name>Drush.Network.NetworkManager::NetworkManager()</Name>
              <FileRef uid="1" />
              <SequencePoints>
                <SequencePoint vc="1" uspid="337" ordinal="0" offset="0" sl="13" sc="9" el="13" ec="9" bec="0" bev="0" fileid="1" />
              </SequencePoints>
              <BranchPoints />
            </Method>
          </Methods>
        </Class>
        <Class>
          <Summary numSequencePoints="37" visitedSequencePoints="33" numBranchPoints="0" visitedBranchPoints="0" sequenceCoverage="89.19" branchCoverage="0.0" maxCyclomaticComplexity="0" minCyclomaticComplexity="0" maxCrapScore="0" minCrapScore="0" visitedClasses="1" numClasses="1" visitedMethods="1" numMethods="1" />
          <FullName>Drush.Network.NetworkManager/&lt;JoinRoom&gt;d__6</FullName>
          <Methods>
            <Method visited="true" cyclomaticComplexity="0" nPathComplexity="0" sequenceCoverage="89.19" branchCoverage="0" crapScore="0" isConstructor="false" isStatic="false" isGetter="false" isSetter="false">
              <Summary numSequencePoints="37" visitedSequencePoints="33" numBranchPoints="0" visitedBranchPoints="0" sequenceCoverage="89.19" branchCoverage="0" maxCyclomaticComplexity="0" minCyclomaticComplexity="0" maxCrapScore="0" minCrapScore="0" visitedClasses="0" numClasses="0" visitedMethods="1" numMethods="1" />
              <MetadataToken>100663305</MetadataToken>
              <Name>System.Void Drush.Network.NetworkManager/&lt;JoinRoom&gt;d__6::MoveNext()</Name>
              <FileRef uid="1" />
              <SequencePoints>
                <SequencePoint vc="2" uspid="338" ordinal="0" offset="17" sl="74" sc="9" el="74" ec="9" bec="0" bev="0" fileid="1" />
                <SequencePoint vc="2" uspid="339" ordinal="0" offset="18" sl="75" sc="13" el="75" ec="13" bec="0" bev="0" fileid="1" />
                <SequencePoint vc="1" uspid="340" ordinal="0" offset="47" sl="76" sc="13" el="76" ec="13" bec="0" bev="0" fileid="1" />
                <SequencePoint vc="1" uspid="341" ordinal="0" offset="48" sl="77" sc="17" el="77" ec="17" bec="0" bev="0" fileid="1" />
                <SequencePoint vc="1" uspid="342" ordinal="0" offset="69" sl="78" sc="17" el="78" ec="17" bec="0" bev="0" fileid="1" />
                <SequencePoint vc="1" uspid="343" ordinal="0" offset="70" sl="79" sc="21" el="79" ec="21" bec="0" bev="0" fileid="1" />
                <SequencePoint vc="1" uspid="344" ordinal="0" offset="92" sl="80" sc="21" el="80" ec="21" bec="0" bev="0" fileid="1" />
                <SequencePoint vc="1" uspid="345" ordinal="0" offset="104" sl="81" sc="17" el="81" ec="17" bec="0" bev="0" fileid="1" />
                <SequencePoint vc="1" uspid="346" ordinal="0" offset="105" sl="83" sc="17" el="83" ec="17" bec="0" bev="0" fileid="1" />
                <SequencePoint vc="1" uspid="347" ordinal="0" offset="132" sl="84" sc="17" el="84" ec="17" bec="0" bev="0" fileid="1" />
                <SequencePoint vc="1" uspid="348" ordinal="0" offset="154" sl="85" sc="17" el="85" ec="17" bec="0" bev="0" fileid="1" />
                <SequencePoint vc="1" uspid="349" ordinal="0" offset="172" sl="86" sc="17" el="86" ec="17" bec="0" bev="0" fileid="1" />
                <SequencePoint vc="1" uspid="350" ordinal="0" offset="209" sl="88" sc="17" el="88" ec="17" bec="0" bev="0" fileid="1" />
                <SequencePoint vc="1" uspid="351" ordinal="0" offset="210" sl="88" sc="41" el="88" ec="41" bec="0" bev="0" fileid="1" />
                <SequencePoint vc="1" uspid="352" ordinal="0" offset="242" sl="88" sc="26" el="88" ec="26" bec="0" bev="0" fileid="1" />
                <SequencePoint vc="1" uspid="353" ordinal="0" offset="259" sl="89" sc="17" el="89" ec="17" bec="0" bev="0" fileid="1" />
                <SequencePoint vc="1" uspid="354" ordinal="0" offset="260" sl="90" sc="21" el="90" ec="21" bec="0" bev="0" fileid="1" />
                <SequencePoint vc="1" uspid="355" ordinal="0" offset="318" sl="91" sc="25" el="91" ec="25" bec="0" bev="0" fileid="1" />
                <SequencePoint vc="1" uspid="356" ordinal="0" offset="353" sl="92" sc="25" el="92" ec="25" bec="0" bev="0" fileid="1" />
                <SequencePoint vc="1" uspid="357" ordinal="0" offset="354" sl="93" sc="29" el="93" ec="29" bec="0" bev="0" fileid="1" />
                <SequencePoint vc="1" uspid="358" ordinal="0" offset="365" sl="94" sc="25" el="94" ec="25" bec="0" bev="0" fileid="1" />
                <SequencePoint vc="0" uspid="359" ordinal="0" offset="368" sl="96" sc="25" el="96" ec="25" bec="0" bev="0" fileid="1" />
                <SequencePoint vc="0" uspid="360" ordinal="0" offset="369" sl="97" sc="29" el="97" ec="29" bec="0" bev="0" fileid="1" />
                <SequencePoint vc="0" uspid="361" ordinal="0" offset="380" sl="98" sc="29" el="98" ec="29" bec="0" bev="0" fileid="1" />
                <SequencePoint vc="1" uspid="362" ordinal="0" offset="385" sl="101" sc="17" el="101" ec="17" bec="0" bev="0" fileid="1" />
                <SequencePoint vc="2" uspid="363" ordinal="0" offset="400" sl="88" sc="38" el="88" ec="38" bec="0" bev="0" fileid="1" />
                <SequencePoint vc="1" uspid="364" ordinal="0" offset="453" sl="103" sc="17" el="103" ec="17" bec="0" bev="0" fileid="1" />
                <SequencePoint vc="1" uspid="365" ordinal="0" offset="525" sl="103" sc="17" el="103" ec="17" bec="0" bev="0" fileid="1" />
                <SequencePoint vc="1" uspid="366" ordinal="0" offset="557" sl="103" sc="17" el="103" ec="17" bec="0" bev="0" fileid="1" />
                <SequencePoint vc="1" uspid="367" ordinal="0" offset="618" sl="109" sc="17" el="109" ec="17" bec="0" bev="0" fileid="1" />
                <SequencePoint vc="1" uspid="368" ordinal="0" offset="635" sl="110" sc="21" el="110" ec="21" bec="0" bev="0" fileid="1" />
                <SequencePoint vc="0" uspid="369" ordinal="0" offset="659" sl="112" sc="21" el="112" ec="21" bec="0" bev="0" fileid="1" />
                <SequencePoint vc="1" uspid="370" ordinal="0" offset="691" sl="113" sc="13" el="113" ec="13" bec="0" bev="0" fileid="1" />
                <SequencePoint vc="1" uspid="371" ordinal="0" offset="701" sl="115" sc="13" el="115" ec="13" bec="0" bev="0" fileid="1" />
                <SequencePoint vc="1" uspid="372" ordinal="0" offset="702" sl="116" sc="17" el="116" ec="17" bec="0" bev="0" fileid="1" />
                <SequencePoint vc="1" uspid="373" ordinal="0" offset="713" sl="118" sc="13" el="118" ec="13" bec="0" bev="0" fileid="1" />
                <SequencePoint vc="2" uspid="374" ordinal="0" offset="742" sl="119" sc="9" el="119" ec="9" bec="0" bev="0" fileid="1" />
              </SequencePoints>
              <BranchPoints />
            </Method>
          </Methods>
        </Class>
        <Class>
          <Summary numSequencePoints="9" visitedSequencePoints="9" numBranchPoints="0" visitedBranchPoints="0" sequenceCoverage="100.0" branchCoverage="0.0" maxCyclomaticComplexity="0" minCyclomaticComplexity="0" maxCrapScore="0" minCrapScore="0" visitedClasses="1" numClasses="1" visitedMethods="1" numMethods="1" />
          <FullName>Drush.Network.NetworkManager/&lt;QuitRoom&gt;d__7</FullName>
          <Methods>
            <Method visited="true" cyclomaticComplexity="0" nPathComplexity="0" sequenceCoverage="100.0" branchCoverage="0" crapScore="0" isConstructor="false" isStatic="false" isGetter="false" isSetter="false">
              <Summary numSequencePoints="9" visitedSequencePoints="9" numBranchPoints="0" visitedBranchPoints="0" sequenceCoverage="100.0" branchCoverage="0" maxCyclomaticComplexity="0" minCyclomaticComplexity="0" maxCrapScore="0" minCrapScore="0" visitedClasses="0" numClasses="0" visitedMethods="1" numMethods="1" />
              <MetadataToken>100663308</MetadataToken>
              <Name>System.Void Drush.Network.NetworkManager/&lt;QuitRoom&gt;d__7::MoveNext()</Name>
              <FileRef uid="1" />
              <SequencePoints>
                <SequencePoint vc="1" uspid="375" ordinal="0" offset="14" sl="124" sc="9" el="124" ec="9" bec="0" bev="0" fileid="1" />
                <SequencePoint vc="1" uspid="376" ordinal="0" offset="15" sl="125" sc="13" el="125" ec="13" bec="0" bev="0" fileid="1" />
                <SequencePoint vc="1" uspid="377" ordinal="0" offset="39" sl="126" sc="13" el="126" ec="13" bec="0" bev="0" fileid="1" />
                <SequencePoint vc="1" uspid="378" ordinal="0" offset="40" sl="127" sc="17" el="127" ec="17" bec="0" bev="0" fileid="1" />
                <SequencePoint vc="1" uspid="379" ordinal="0" offset="83" sl="127" sc="17" el="127" ec="17" bec="0" bev="0" fileid="1" />
                <SequencePoint vc="1" uspid="380" ordinal="0" offset="110" sl="127" sc="17" el="127" ec="17" bec="0" bev="0" fileid="1" />
                <SequencePoint vc="1" uspid="381" ordinal="0" offset="146" sl="128" sc="17" el="128" ec="17" bec="0" bev="0" fileid="1" />
                <SequencePoint vc="1" uspid="382" ordinal="0" offset="183" sl="129" sc="13" el="129" ec="13" bec="0" bev="0" fileid="1" />
                <SequencePoint vc="1" uspid="383" ordinal="0" offset="212" sl="130" sc="9" el="130" ec="9" bec="0" bev="0" fileid="1" />
              </SequencePoints>
              <BranchPoints />
            </Method>
          </Methods>
        </Class>
        <Class>
          <Summary numSequencePoints="25" visitedSequencePoints="22" numBranchPoints="0" visitedBranchPoints="0" sequenceCoverage="88.00" branchCoverage="0.0" maxCyclomaticComplexity="0" minCyclomaticComplexity="0" maxCrapScore="0" minCrapScore="0" visitedClasses="1" numClasses="1" visitedMethods="1" numMethods="1" />
          <FullName>Drush.Network.NetworkManager/&lt;StartShared&gt;d__5</FullName>
          <Methods>
            <Method visited="true" cyclomaticComplexity="0" nPathComplexity="0" sequenceCoverage="88.00" branchCoverage="0" crapScore="0" isConstructor="false" isStatic="false" isGetter="false" isSetter="false">
              <Summary numSequencePoints="25" visitedSequencePoints="22" numBranchPoints="0" visitedBranchPoints="0" sequenceCoverage="88.00" branchCoverage="0" maxCyclomaticComplexity="0" minCyclomaticComplexity="0" maxCrapScore="0" minCrapScore="0" visitedClasses="0" numClasses="0" visitedMethods="1" numMethods="1" />
              <MetadataToken>100663311</MetadataToken>
              <Name>System.Void Drush.Network.NetworkManager/&lt;StartShared&gt;d__5::MoveNext()</Name>
              <FileRef uid="1" />
              <SequencePoints>
                <SequencePoint vc="3" uspid="384" ordinal="0" offset="17" sl="26" sc="9" el="26" ec="9" bec="0" bev="0" fileid="1" />
                <SequencePoint vc="3" uspid="385" ordinal="0" offset="18" sl="27" sc="13" el="27" ec="13" bec="0" bev="0" fileid="1" />
                <SequencePoint vc="3" uspid="386" ordinal="0" offset="50" sl="28" sc="13" el="28" ec="13" bec="0" bev="0" fileid="1" />
                <SequencePoint vc="3" uspid="387" ordinal="0" offset="51" sl="29" sc="17" el="29" ec="17" bec="0" bev="0" fileid="1" />
                <SequencePoint vc="1" uspid="388" ordinal="0" offset="72" sl="30" sc="17" el="30" ec="17" bec="0" bev="0" fileid="1" />
                <SequencePoint vc="1" uspid="389" ordinal="0" offset="73" sl="31" sc="21" el="31" ec="21" bec="0" bev="0" fileid="1" />
                <SequencePoint vc="1" uspid="390" ordinal="0" offset="95" sl="32" sc="21" el="32" ec="21" bec="0" bev="0" fileid="1" />
                <SequencePoint vc="1" uspid="391" ordinal="0" offset="107" sl="33" sc="17" el="33" ec="17" bec="0" bev="0" fileid="1" />
                <SequencePoint vc="3" uspid="392" ordinal="0" offset="108" sl="35" sc="17" el="35" ec="17" bec="0" bev="0" fileid="1" />
                <SequencePoint vc="3" uspid="393" ordinal="0" offset="135" sl="36" sc="17" el="36" ec="17" bec="0" bev="0" fileid="1" />
                <SequencePoint vc="3" uspid="394" ordinal="0" offset="157" sl="37" sc="17" el="37" ec="17" bec="0" bev="0" fileid="1" />
                <SequencePoint vc="3" uspid="395" ordinal="0" offset="175" sl="38" sc="17" el="38" ec="17" bec="0" bev="0" fileid="1" />
                <SequencePoint vc="3" uspid="396" ordinal="0" offset="212" sl="40" sc="17" el="40" ec="17" bec="0" bev="0" fileid="1" />
                <SequencePoint vc="2" uspid="397" ordinal="0" offset="241" sl="41" sc="21" el="41" ec="21" bec="0" bev="0" fileid="1" />
                <SequencePoint vc="3" uspid="398" ordinal="0" offset="263" sl="44" sc="17" el="44" ec="17" bec="0" bev="0" fileid="1" />
                <SequencePoint vc="3" uspid="399" ordinal="0" offset="302" sl="49" sc="17" el="49" ec="17" bec="0" bev="0" fileid="1" />
                <SequencePoint vc="3" uspid="400" ordinal="0" offset="413" sl="49" sc="17" el="49" ec="17" bec="0" bev="0" fileid="1" />
                <SequencePoint vc="3" uspid="401" ordinal="0" offset="445" sl="49" sc="17" el="49" ec="17" bec="0" bev="0" fileid="1" />
                <SequencePoint vc="3" uspid="402" ordinal="0" offset="506" sl="58" sc="17" el="58" ec="17" bec="0" bev="0" fileid="1" />
                <SequencePoint vc="3" uspid="403" ordinal="0" offset="523" sl="59" sc="21" el="59" ec="21" bec="0" bev="0" fileid="1" />
                <SequencePoint vc="0" uspid="404" ordinal="0" offset="547" sl="61" sc="21" el="61" ec="21" bec="0" bev="0" fileid="1" />
                <SequencePoint vc="3" uspid="405" ordinal="0" offset="579" sl="62" sc="13" el="62" ec="13" bec="0" bev="0" fileid="1" />
                <SequencePoint vc="0" uspid="406" ordinal="0" offset="596" sl="64" sc="13" el="64" ec="13" bec="0" bev="0" fileid="1" />
                <SequencePoint vc="0" uspid="407" ordinal="0" offset="597" sl="66" sc="13" el="66" ec="13" bec="0" bev="0" fileid="1" />
                <SequencePoint vc="3" uspid="408" ordinal="0" offset="626" sl="67" sc="9" el="67" ec="9" bec="0" bev="0" fileid="1" />
              </SequencePoints>
              <BranchPoints />
            </Method>
          </Methods>
        </Class>
        <Class>
          <Summary numSequencePoints="26" visitedSequencePoints="22" numBranchPoints="0" visitedBranchPoints="0" sequenceCoverage="84.62" branchCoverage="0.0" maxCyclomaticComplexity="0" minCyclomaticComplexity="0" maxCrapScore="0" minCrapScore="0" visitedClasses="1" numClasses="1" visitedMethods="6" numMethods="6" />
          <FullName>Drush.Network.PlayerInputProvider</FullName>
          <Methods>
            <Method visited="true" cyclomaticComplexity="0" nPathComplexity="0" sequenceCoverage="75.00" branchCoverage="0" crapScore="0" isConstructor="false" isStatic="false" isGetter="false" isSetter="false">
              <Summary numSequencePoints="16" visitedSequencePoints="12" numBranchPoints="0" visitedBranchPoints="0" sequenceCoverage="75.00" branchCoverage="0" maxCyclomaticComplexity="0" minCyclomaticComplexity="0" maxCrapScore="0" minCrapScore="0" visitedClasses="0" numClasses="0" visitedMethods="1" numMethods="1" />
              <MetadataToken>100663313</MetadataToken>
              <Name>System.Void Drush.Network.PlayerInputProvider::OnInput(Fusion.NetworkRunner, Fusion.NetworkInput)</Name>
              <FileRef uid="2" />
              <SequencePoints>
                <SequencePoint vc="515" uspid="409" ordinal="0" offset="0" sl="18" sc="9" el="18" ec="9" bec="0" bev="0" fileid="2" />
                <SequencePoint vc="515" uspid="410" ordinal="0" offset="1" sl="19" sc="13" el="19" ec="13" bec="0" bev="0" fileid="2" />
                <SequencePoint vc="515" uspid="411" ordinal="0" offset="9" sl="21" sc="13" el="21" ec="13" bec="0" bev="0" fileid="2" />
                <SequencePoint vc="515" uspid="412" ordinal="0" offset="15" sl="22" sc="13" el="22" ec="13" bec="0" bev="0" fileid="2" />
                <SequencePoint vc="515" uspid="413" ordinal="0" offset="26" sl="23" sc="13" el="23" ec="13" bec="0" bev="0" fileid="2" />
                <SequencePoint vc="515" uspid="414" ordinal="0" offset="27" sl="24" sc="17" el="24" ec="17" bec="0" bev="0" fileid="2" />
                <SequencePoint vc="0" uspid="415" ordinal="0" offset="42" sl="24" sc="40" el="24" ec="40" bec="0" bev="0" fileid="2" />
                <SequencePoint vc="515" uspid="416" ordinal="0" offset="70" sl="25" sc="17" el="25" ec="17" bec="0" bev="0" fileid="2" />
                <SequencePoint vc="0" uspid="417" ordinal="0" offset="87" sl="25" sc="40" el="25" ec="40" bec="0" bev="0" fileid="2" />
                <SequencePoint vc="515" uspid="418" ordinal="0" offset="115" sl="26" sc="17" el="26" ec="17" bec="0" bev="0" fileid="2" />
                <SequencePoint vc="0" uspid="419" ordinal="0" offset="132" sl="26" sc="40" el="26" ec="40" bec="0" bev="0" fileid="2" />
                <SequencePoint vc="515" uspid="420" ordinal="0" offset="160" sl="27" sc="17" el="27" ec="17" bec="0" bev="0" fileid="2" />
                <SequencePoint vc="0" uspid="421" ordinal="0" offset="177" sl="27" sc="40" el="27" ec="40" bec="0" bev="0" fileid="2" />
                <SequencePoint vc="515" uspid="422" ordinal="0" offset="205" sl="28" sc="13" el="28" ec="13" bec="0" bev="0" fileid="2" />
                <SequencePoint vc="515" uspid="423" ordinal="0" offset="206" sl="30" sc="13" el="30" ec="13" bec="0" bev="0" fileid="2" />
                <SequencePoint vc="515" uspid="424" ordinal="0" offset="215" sl="31" sc="9" el="31" ec="9" bec="0" bev="0" fileid="2" />
              </SequencePoints>
              <BranchPoints />
            </Method>
            <Method visited="true" cyclomaticComplexity="0" nPathComplexity="0" sequenceCoverage="100.0" branchCoverage="0" crapScore="0" isConstructor="false" isStatic="false" isGetter="false" isSetter="false">
              <Summary numSequencePoints="2" visitedSequencePoints="2" numBranchPoints="0" visitedBranchPoints="0" sequenceCoverage="100.0" branchCoverage="0" maxCyclomaticComplexity="0" minCyclomaticComplexity="0" maxCrapScore="0" minCrapScore="0" visitedClasses="0" numClasses="0" visitedMethods="1" numMethods="1" />
              <MetadataToken>100663314</MetadataToken>
              <Name>System.Void Drush.Network.PlayerInputProvider::OnPlayerJoined(Fusion.NetworkRunner, Fusion.PlayerRef)</Name>
              <FileRef uid="2" />
              <SequencePoints>
                <SequencePoint vc="4" uspid="425" ordinal="0" offset="0" sl="35" sc="76" el="35" ec="76" bec="0" bev="0" fileid="2" />
                <SequencePoint vc="4" uspid="426" ordinal="0" offset="1" sl="35" sc="78" el="35" ec="78" bec="0" bev="0" fileid="2" />
              </SequencePoints>
              <BranchPoints />
            </Method>
            <Method visited="true" cyclomaticComplexity="0" nPathComplexity="0" sequenceCoverage="100.0" branchCoverage="0" crapScore="0" isConstructor="false" isStatic="false" isGetter="false" isSetter="false">
              <Summary numSequencePoints="2" visitedSequencePoints="2" numBranchPoints="0" visitedBranchPoints="0" sequenceCoverage="100.0" branchCoverage="0" maxCyclomaticComplexity="0" minCyclomaticComplexity="0" maxCrapScore="0" minCrapScore="0" visitedClasses="0" numClasses="0" visitedMethods="1" numMethods="1" />
              <MetadataToken>100663316</MetadataToken>
              <Name>System.Void Drush.Network.PlayerInputProvider::OnConnectedToServer(Fusion.NetworkRunner)</Name>
              <FileRef uid="2" />
              <SequencePoints>
                <SequencePoint vc="4" uspid="429" ordinal="0" offset="0" sl="37" sc="63" el="37" ec="63" bec="0" bev="0" fileid="2" />
                <SequencePoint vc="4" uspid="430" ordinal="0" offset="1" sl="37" sc="65" el="37" ec="65" bec="0" bev="0" fileid="2" />
              </SequencePoints>
              <BranchPoints />
            </Method>
            <Method visited="true" cyclomaticComplexity="0" nPathComplexity="0" sequenceCoverage="100.0" branchCoverage="0" crapScore="0" isConstructor="false" isStatic="false" isGetter="false" isSetter="false">
              <Summary numSequencePoints="2" visitedSequencePoints="2" numBranchPoints="0" visitedBranchPoints="0" sequenceCoverage="100.0" branchCoverage="0" maxCyclomaticComplexity="0" minCyclomaticComplexity="0" maxCrapScore="0" minCrapScore="0" visitedClasses="0" numClasses="0" visitedMethods="1" numMethods="1" />
              <MetadataToken>100663319</MetadataToken>
              <Name>System.Void Drush.Network.PlayerInputProvider::OnShutdown(Fusion.NetworkRunner, Fusion.ShutdownReason)</Name>
              <FileRef uid="2" />
              <SequencePoints>
                <SequencePoint vc="3" uspid="435" ordinal="0" offset="0" sl="40" sc="85" el="40" ec="85" bec="0" bev="0" fileid="2" />
                <SequencePoint vc="3" uspid="436" ordinal="0" offset="1" sl="40" sc="87" el="40" ec="87" bec="0" bev="0" fileid="2" />
              </SequencePoints>
              <BranchPoints />
            </Method>
            <Method visited="true" cyclomaticComplexity="0" nPathComplexity="0" sequenceCoverage="100.0" branchCoverage="0" crapScore="0" isConstructor="false" isStatic="false" isGetter="false" isSetter="false">
              <Summary numSequencePoints="2" visitedSequencePoints="2" numBranchPoints="0" visitedBranchPoints="0" sequenceCoverage="100.0" branchCoverage="0" maxCyclomaticComplexity="0" minCyclomaticComplexity="0" maxCrapScore="0" minCrapScore="0" visitedClasses="0" numClasses="0" visitedMethods="1" numMethods="1" />
              <MetadataToken>100663323</MetadataToken>
              <Name>System.Void Drush.Network.PlayerInputProvider::OnSessionListUpdated(Fusion.NetworkRunner, System.Collections.Generic.List[SessionInfo])</Name>
              <FileRef uid="2" />
              <SequencePoints>
                <SequencePoint vc="8" uspid="443" ordinal="0" offset="0" sl="44" sc="95" el="44" ec="95" bec="0" bev="0" fileid="2" />
                <SequencePoint vc="8" uspid="444" ordinal="0" offset="1" sl="44" sc="97" el="44" ec="97" bec="0" bev="0" fileid="2" />
              </SequencePoints>
              <BranchPoints />
            </Method>
            <Method visited="true" cyclomaticComplexity="0" nPathComplexity="0" sequenceCoverage="100.0" branchCoverage="0" crapScore="0" isConstructor="false" isStatic="false" isGetter="false" isSetter="false">
              <Summary numSequencePoints="2" visitedSequencePoints="2" numBranchPoints="0" visitedBranchPoints="0" sequenceCoverage="100.0" branchCoverage="0" maxCyclomaticComplexity="0" minCyclomaticComplexity="0" maxCrapScore="0" minCrapScore="0" visitedClasses="0" numClasses="0" visitedMethods="1" numMethods="1" />
              <MetadataToken>100663330</MetadataToken>
              <Name>System.Void Drush.Network.PlayerInputProvider::OnObjectEnterAOI(Fusion.NetworkRunner, Fusion.NetworkObject, Fusion.PlayerRef)</Name>
              <FileRef uid="2" />
              <SequencePoints>
                <SequencePoint vc="4" uspid="457" ordinal="0" offset="0" sl="51" sc="97" el="51" ec="97" bec="0" bev="0" fileid="2" />
                <SequencePoint vc="4" uspid="458" ordinal="0" offset="1" sl="51" sc="99" el="51" ec="99" bec="0" bev="0" fileid="2" />
              </SequencePoints>
              <BranchPoints />
            </Method>
          </Methods>
        </Class>
        <Class>
          <Summary numSequencePoints="11" visitedSequencePoints="9" numBranchPoints="0" visitedBranchPoints="0" sequenceCoverage="81.82" branchCoverage="0.0" maxCyclomaticComplexity="0" minCyclomaticComplexity="0" maxCrapScore="0" minCrapScore="0" visitedClasses="1" numClasses="1" visitedMethods="2" numMethods="2" />
          <FullName>Drush.Network.PlayerNetworkMovement</FullName>
          <Methods>
            <Method visited="true" cyclomaticComplexity="0" nPathComplexity="0" sequenceCoverage="100.0" branchCoverage="0" crapScore="0" isConstructor="false" isStatic="false" isGetter="false" isSetter="false">
              <Summary numSequencePoints="3" visitedSequencePoints="3" numBranchPoints="0" visitedBranchPoints="0" sequenceCoverage="100.0" branchCoverage="0" maxCyclomaticComplexity="0" minCyclomaticComplexity="0" maxCrapScore="0" minCrapScore="0" visitedClasses="0" numClasses="0" visitedMethods="1" numMethods="1" />
              <MetadataToken>100663338</MetadataToken>
              <Name>System.Void Drush.Network.PlayerNetworkMovement::OnEnable()</Name>
              <FileRef uid="4" />
              <SequencePoints>
                <SequencePoint vc="4" uspid="465" ordinal="0" offset="6" sl="11" sc="9" el="11" ec="9" bec="0" bev="0" fileid="4" />
                <SequencePoint vc="4" uspid="466" ordinal="0" offset="7" sl="12" sc="13" el="12" ec="13" bec="0" bev="0" fileid="4" />
                <SequencePoint vc="4" uspid="467" ordinal="0" offset="19" sl="13" sc="9" el="13" ec="9" bec="0" bev="0" fileid="4" />
              </SequencePoints>
              <BranchPoints />
            </Method>
            <Method visited="true" cyclomaticComplexity="0" nPathComplexity="0" sequenceCoverage="75.00" branchCoverage="0" crapScore="0" isConstructor="false" isStatic="false" isGetter="false" isSetter="false">
              <Summary numSequencePoints="8" visitedSequencePoints="6" numBranchPoints="0" visitedBranchPoints="0" sequenceCoverage="75.00" branchCoverage="0" maxCyclomaticComplexity="0" minCyclomaticComplexity="0" maxCrapScore="0" minCrapScore="0" visitedClasses="0" numClasses="0" visitedMethods="1" numMethods="1" />
              <MetadataToken>100663339</MetadataToken>
              <Name>System.Void Drush.Network.PlayerNetworkMovement::FixedUpdateNetwork()</Name>
              <FileRef uid="4" />
              <SequencePoints>
                <SequencePoint vc="511" uspid="468" ordinal="0" offset="0" sl="19" sc="9" el="19" ec="9" bec="0" bev="0" fileid="4" />
                <SequencePoint vc="511" uspid="469" ordinal="0" offset="1" sl="20" sc="13" el="20" ec="13" bec="0" bev="0" fileid="4" />
                <SequencePoint vc="0" uspid="470" ordinal="0" offset="16" sl="21" sc="17" el="21" ec="17" bec="0" bev="0" fileid="4" />
                <SequencePoint vc="511" uspid="471" ordinal="0" offset="18" sl="23" sc="13" el="23" ec="13" bec="0" bev="0" fileid="4" />
                <SequencePoint vc="511" uspid="472" ordinal="0" offset="25" sl="24" sc="13" el="24" ec="13" bec="0" bev="0" fileid="4" />
                <SequencePoint vc="0" uspid="473" ordinal="0" offset="43" sl="25" sc="17" el="25" ec="17" bec="0" bev="0" fileid="4" />
                <SequencePoint vc="511" uspid="474" ordinal="0" offset="51" sl="27" sc="13" el="27" ec="13" bec="0" bev="0" fileid="4" />
                <SequencePoint vc="511" uspid="475" ordinal="0" offset="90" sl="28" sc="9" el="28" ec="9" bec="0" bev="0" fileid="4" />
              </SequencePoints>
              <BranchPoints />
            </Method>
          </Methods>
        </Class>
        <Class>
          <Summary numSequencePoints="7" visitedSequencePoints="7" numBranchPoints="0" visitedBranchPoints="0" sequenceCoverage="100.0" branchCoverage="0.0" maxCyclomaticComplexity="0" minCyclomaticComplexity="0" maxCrapScore="0" minCrapScore="0" visitedClasses="1" numClasses="1" visitedMethods="1" numMethods="1" />
          <FullName>Drush.Network.PlayerSpawner</FullName>
          <Methods>
            <Method visited="true" cyclomaticComplexity="0" nPathComplexity="0" sequenceCoverage="100.0" branchCoverage="0" crapScore="0" isConstructor="false" isStatic="false" isGetter="false" isSetter="false">
              <Summary numSequencePoints="7" visitedSequencePoints="7" numBranchPoints="0" visitedBranchPoints="0" sequenceCoverage="100.0" branchCoverage="0" maxCyclomaticComplexity="0" minCyclomaticComplexity="0" maxCrapScore="0" minCrapScore="0" visitedClasses="0" numClasses="0" visitedMethods="1" numMethods="1" />
              <MetadataToken>100663343</MetadataToken>
              <Name>System.Void Drush.Network.PlayerSpawner::PlayerJoined(Fusion.PlayerRef)</Name>
              <FileRef uid="5" />
              <SequencePoints>
                <SequencePoint vc="4" uspid="476" ordinal="0" offset="0" sl="15" sc="9" el="15" ec="9" bec="0" bev="0" fileid="5" />
                <SequencePoint vc="4" uspid="477" ordinal="0" offset="1" sl="16" sc="13" el="16" ec="13" bec="0" bev="0" fileid="5" />
                <SequencePoint vc="4" uspid="478" ordinal="0" offset="39" sl="18" sc="13" el="18" ec="13" bec="0" bev="0" fileid="5" />
                <SequencePoint vc="4" uspid="479" ordinal="0" offset="60" sl="19" sc="13" el="19" ec="13" bec="0" bev="0" fileid="5" />
                <SequencePoint vc="4" uspid="480" ordinal="0" offset="61" sl="20" sc="17" el="20" ec="17" bec="0" bev="0" fileid="5" />
                <SequencePoint vc="4" uspid="481" ordinal="0" offset="122" sl="21" sc="13" el="21" ec="13" bec="0" bev="0" fileid="5" />
                <SequencePoint vc="4" uspid="482" ordinal="0" offset="123" sl="22" sc="9" el="22" ec="9" bec="0" bev="0" fileid="5" />
              </SequencePoints>
              <BranchPoints />
            </Method>
          </Methods>
        </Class>
        <Class>
          <Summary numSequencePoints="52" visitedSequencePoints="50" numBranchPoints="0" visitedBranchPoints="0" sequenceCoverage="96.15" branchCoverage="0.0" maxCyclomaticComplexity="0" minCyclomaticComplexity="0" maxCrapScore="0" minCrapScore="0" visitedClasses="1" numClasses="1" visitedMethods="12" numMethods="12" />
          <FullName>Drush.Network.RoomManager</FullName>
          <Methods>
            <Method visited="true" cyclomaticComplexity="0" nPathComplexity="0" sequenceCoverage="100.0" branchCoverage="0" crapScore="0" isConstructor="false" isStatic="false" isGetter="true" isSetter="false">
              <Summary numSequencePoints="1" visitedSequencePoints="1" numBranchPoints="0" visitedBranchPoints="0" sequenceCoverage="100.0" branchCoverage="0" maxCyclomaticComplexity="0" minCyclomaticComplexity="0" maxCrapScore="0" minCrapScore="0" visitedClasses="0" numClasses="0" visitedMethods="1" numMethods="1" />
              <MetadataToken>100663345</MetadataToken>
              <Name>System.Collections.Generic.List[SessionInfo] Drush.Network.RoomManager::get_CurrentSessions()</Name>
              <FileRef uid="6" />
              <SequencePoints>
                <SequencePoint vc="9" uspid="483" ordinal="0" offset="0" sl="14" sc="52" el="14" ec="52" bec="0" bev="0" fileid="6" />
              </SequencePoints>
              <BranchPoints />
            </Method>
            <Method visited="true" cyclomaticComplexity="0" nPathComplexity="0" sequenceCoverage="100.0" branchCoverage="0" crapScore="0" isConstructor="false" isStatic="false" isGetter="false" isSetter="true">
              <Summary numSequencePoints="1" visitedSequencePoints="1" numBranchPoints="0" visitedBranchPoints="0" sequenceCoverage="100.0" branchCoverage="0" maxCyclomaticComplexity="0" minCyclomaticComplexity="0" maxCrapScore="0" minCrapScore="0" visitedClasses="0" numClasses="0" visitedMethods="1" numMethods="1" />
              <MetadataToken>100663346</MetadataToken>
              <Name>System.Void Drush.Network.RoomManager::set_CurrentSessions(System.Collections.Generic.List[SessionInfo])</Name>
              <FileRef uid="6" />
              <SequencePoints>
                <SequencePoint vc="8" uspid="484" ordinal="0" offset="0" sl="14" sc="57" el="14" ec="57" bec="0" bev="0" fileid="6" />
              </SequencePoints>
              <BranchPoints />
            </Method>
            <Method visited="true" cyclomaticComplexity="0" nPathComplexity="0" sequenceCoverage="100.0" branchCoverage="0" crapScore="0" isConstructor="false" isStatic="false" isGetter="false" isSetter="false">
              <Summary numSequencePoints="2" visitedSequencePoints="2" numBranchPoints="0" visitedBranchPoints="0" sequenceCoverage="100.0" branchCoverage="0" maxCyclomaticComplexity="0" minCyclomaticComplexity="0" maxCrapScore="0" minCrapScore="0" visitedClasses="0" numClasses="0" visitedMethods="1" numMethods="1" />
              <MetadataToken>100663347</MetadataToken>
              <Name>System.Void Drush.Network.RoomManager::OnEnable()</Name>
              <FileRef uid="6" />
              <SequencePoints>
                <SequencePoint vc="1" uspid="485" ordinal="0" offset="0" sl="17" sc="9" el="17" ec="9" bec="0" bev="0" fileid="6" />
                <SequencePoint vc="1" uspid="486" ordinal="0" offset="1" sl="19" sc="9" el="19" ec="9" bec="0" bev="0" fileid="6" />
              </SequencePoints>
              <BranchPoints />
            </Method>
            <Method visited="true" cyclomaticComplexity="0" nPathComplexity="0" sequenceCoverage="100.0" branchCoverage="0" crapScore="0" isConstructor="false" isStatic="false" isGetter="false" isSetter="false">
              <Summary numSequencePoints="12" visitedSequencePoints="12" numBranchPoints="0" visitedBranchPoints="0" sequenceCoverage="100.0" branchCoverage="0" maxCyclomaticComplexity="0" minCyclomaticComplexity="0" maxCrapScore="0" minCrapScore="0" visitedClasses="0" numClasses="0" visitedMethods="1" numMethods="1" />
              <MetadataToken>100663349</MetadataToken>
              <Name>System.Void Drush.Network.RoomManager::OnSessionListUpdated(Fusion.NetworkRunner, System.Collections.Generic.List[SessionInfo])</Name>
              <FileRef uid="6" />
              <SequencePoints>
                <SequencePoint vc="8" uspid="487" ordinal="0" offset="0" sl="48" sc="9" el="48" ec="9" bec="0" bev="0" fileid="6" />
                <SequencePoint vc="8" uspid="488" ordinal="0" offset="1" sl="51" sc="13" el="51" ec="13" bec="0" bev="0" fileid="6" />
                <SequencePoint vc="8" uspid="489" ordinal="0" offset="9" sl="53" sc="13" el="53" ec="13" bec="0" bev="0" fileid="6" />
                <SequencePoint vc="8" uspid="490" ordinal="0" offset="36" sl="55" sc="13" el="55" ec="13" bec="0" bev="0" fileid="6" />
                <SequencePoint vc="8" uspid="491" ordinal="0" offset="37" sl="55" sc="37" el="55" ec="37" bec="0" bev="0" fileid="6" />
                <SequencePoint vc="4" uspid="492" ordinal="0" offset="49" sl="55" sc="22" el="55" ec="22" bec="0" bev="0" fileid="6" />
                <SequencePoint vc="4" uspid="493" ordinal="0" offset="57" sl="56" sc="13" el="56" ec="13" bec="0" bev="0" fileid="6" />
                <SequencePoint vc="4" uspid="494" ordinal="0" offset="58" sl="57" sc="17" el="57" ec="17" bec="0" bev="0" fileid="6" />
                <SequencePoint vc="4" uspid="495" ordinal="0" offset="145" sl="58" sc="17" el="58" ec="17" bec="0" bev="0" fileid="6" />
                <SequencePoint vc="4" uspid="496" ordinal="0" offset="189" sl="59" sc="13" el="59" ec="13" bec="0" bev="0" fileid="6" />
                <SequencePoint vc="12" uspid="497" ordinal="0" offset="190" sl="55" sc="34" el="55" ec="34" bec="0" bev="0" fileid="6" />
                <SequencePoint vc="8" uspid="498" ordinal="0" offset="219" sl="60" sc="9" el="60" ec="9" bec="0" bev="0" fileid="6" />
              </SequencePoints>
              <BranchPoints />
            </Method>
            <Method visited="true" cyclomaticComplexity="0" nPathComplexity="0" sequenceCoverage="100.0" branchCoverage="0" crapScore="0" isConstructor="false" isStatic="false" isGetter="false" isSetter="false">
              <Summary numSequencePoints="11" visitedSequencePoints="11" numBranchPoints="0" visitedBranchPoints="0" sequenceCoverage="100.0" branchCoverage="0" maxCyclomaticComplexity="0" minCyclomaticComplexity="0" maxCrapScore="0" minCrapScore="0" visitedClasses="0" numClasses="0" visitedMethods="1" numMethods="1" />
              <MetadataToken>100663350</MetadataToken>
              <Name>System.Boolean Drush.Network.RoomManager::CheckRoomNameAvailibility(System.String)</Name>
              <FileRef uid="6" />
              <SequencePoints>
                <SequencePoint vc="6" uspid="499" ordinal="0" offset="0" sl="69" sc="9" el="69" ec="9" bec="0" bev="0" fileid="6" />
                <SequencePoint vc="6" uspid="500" ordinal="0" offset="1" sl="70" sc="13" el="70" ec="13" bec="0" bev="0" fileid="6" />
                <SequencePoint vc="6" uspid="501" ordinal="0" offset="2" sl="70" sc="37" el="70" ec="37" bec="0" bev="0" fileid="6" />
                <SequencePoint vc="4" uspid="502" ordinal="0" offset="16" sl="70" sc="22" el="70" ec="22" bec="0" bev="0" fileid="6" />
                <SequencePoint vc="4" uspid="503" ordinal="0" offset="24" sl="71" sc="13" el="71" ec="13" bec="0" bev="0" fileid="6" />
                <SequencePoint vc="4" uspid="504" ordinal="0" offset="25" sl="72" sc="17" el="72" ec="17" bec="0" bev="0" fileid="6" />
                <SequencePoint vc="2" uspid="505" ordinal="0" offset="41" sl="73" sc="21" el="73" ec="21" bec="0" bev="0" fileid="6" />
                <SequencePoint vc="2" uspid="506" ordinal="0" offset="45" sl="74" sc="13" el="74" ec="13" bec="0" bev="0" fileid="6" />
                <SequencePoint vc="8" uspid="507" ordinal="0" offset="46" sl="70" sc="34" el="70" ec="34" bec="0" bev="0" fileid="6" />
                <SequencePoint vc="4" uspid="508" ordinal="0" offset="72" sl="75" sc="13" el="75" ec="13" bec="0" bev="0" fileid="6" />
                <SequencePoint vc="6" uspid="509" ordinal="0" offset="76" sl="76" sc="9" el="76" ec="9" bec="0" bev="0" fileid="6" />
              </SequencePoints>
              <BranchPoints />
            </Method>
            <Method visited="true" cyclomaticComplexity="0" nPathComplexity="0" sequenceCoverage="81.82" branchCoverage="0" crapScore="0" isConstructor="false" isStatic="false" isGetter="false" isSetter="false">
              <Summary numSequencePoints="11" visitedSequencePoints="9" numBranchPoints="0" visitedBranchPoints="0" sequenceCoverage="81.82" branchCoverage="0" maxCyclomaticComplexity="0" minCyclomaticComplexity="0" maxCrapScore="0" minCrapScore="0" visitedClasses="0" numClasses="0" visitedMethods="1" numMethods="1" />
              <MetadataToken>100663351</MetadataToken>
              <Name>System.Boolean Drush.Network.RoomManager::CheckIfRoomPassword(System.String)</Name>
              <FileRef uid="6" />
              <SequencePoints>
                <SequencePoint vc="1" uspid="510" ordinal="0" offset="0" sl="84" sc="9" el="84" ec="9" bec="0" bev="0" fileid="6" />
                <SequencePoint vc="1" uspid="511" ordinal="0" offset="1" sl="85" sc="13" el="85" ec="13" bec="0" bev="0" fileid="6" />
                <SequencePoint vc="1" uspid="512" ordinal="0" offset="2" sl="85" sc="37" el="85" ec="37" bec="0" bev="0" fileid="6" />
                <SequencePoint vc="1" uspid="513" ordinal="0" offset="16" sl="85" sc="22" el="85" ec="22" bec="0" bev="0" fileid="6" />
                <SequencePoint vc="1" uspid="514" ordinal="0" offset="24" sl="86" sc="13" el="86" ec="13" bec="0" bev="0" fileid="6" />
                <SequencePoint vc="1" uspid="515" ordinal="0" offset="25" sl="87" sc="17" el="87" ec="17" bec="0" bev="0" fileid="6" />
                <SequencePoint vc="1" uspid="516" ordinal="0" offset="70" sl="88" sc="21" el="88" ec="21" bec="0" bev="0" fileid="6" />
                <SequencePoint vc="0" uspid="517" ordinal="0" offset="75" sl="89" sc="13" el="89" ec="13" bec="0" bev="0" fileid="6" />
                <SequencePoint vc="1" uspid="518" ordinal="0" offset="76" sl="85" sc="34" el="85" ec="34" bec="0" bev="0" fileid="6" />
                <SequencePoint vc="0" uspid="519" ordinal="0" offset="102" sl="90" sc="13" el="90" ec="13" bec="0" bev="0" fileid="6" />
                <SequencePoint vc="1" uspid="520" ordinal="0" offset="107" sl="91" sc="9" el="91" ec="9" bec="0" bev="0" fileid="6" />
              </SequencePoints>
              <BranchPoints />
            </Method>
            <Method visited="true" cyclomaticComplexity="0" nPathComplexity="0" sequenceCoverage="100.0" branchCoverage="0" crapScore="0" isConstructor="false" isStatic="false" isGetter="false" isSetter="false">
              <Summary numSequencePoints="3" visitedSequencePoints="3" numBranchPoints="0" visitedBranchPoints="0" sequenceCoverage="100.0" branchCoverage="0" maxCyclomaticComplexity="0" minCyclomaticComplexity="0" maxCrapScore="0" minCrapScore="0" visitedClasses="0" numClasses="0" visitedMethods="1" numMethods="1" />
              <MetadataToken>100663352</MetadataToken>
              <Name>System.Void Drush.Network.RoomManager::OnPlayerJoined(Fusion.NetworkRunner, Fusion.PlayerRef)</Name>
              <FileRef uid="6" />
              <SequencePoints>
                <SequencePoint vc="4" uspid="521" ordinal="0" offset="0" sl="95" sc="9" el="95" ec="9" bec="0" bev="0" fileid="6" />
                <SequencePoint vc="4" uspid="522" ordinal="0" offset="1" sl="96" sc="13" el="96" ec="13" bec="0" bev="0" fileid="6" />
                <SequencePoint vc="4" uspid="523" ordinal="0" offset="23" sl="97" sc="9" el="97" ec="9" bec="0" bev="0" fileid="6" />
              </SequencePoints>
              <BranchPoints />
            </Method>
            <Method visited="true" cyclomaticComplexity="0" nPathComplexity="0" sequenceCoverage="100.0" branchCoverage="0" crapScore="0" isConstructor="false" isStatic="false" isGetter="false" isSetter="false">
              <Summary numSequencePoints="4" visitedSequencePoints="4" numBranchPoints="0" visitedBranchPoints="0" sequenceCoverage="100.0" branchCoverage="0" maxCyclomaticComplexity="0" minCyclomaticComplexity="0" maxCrapScore="0" minCrapScore="0" visitedClasses="0" numClasses="0" visitedMethods="1" numMethods="1" />
              <MetadataToken>100663354</MetadataToken>
              <Name>System.Void Drush.Network.RoomManager::OnConnectedToServer(Fusion.NetworkRunner)</Name>
              <FileRef uid="6" />
              <SequencePoints>
                <SequencePoint vc="4" uspid="527" ordinal="0" offset="0" sl="103" sc="9" el="103" ec="9" bec="0" bev="0" fileid="6" />
                <SequencePoint vc="4" uspid="528" ordinal="0" offset="1" sl="104" sc="13" el="104" ec="13" bec="0" bev="0" fileid="6" />
                <SequencePoint vc="4" uspid="529" ordinal="0" offset="7" sl="105" sc="13" el="105" ec="13" bec="0" bev="0" fileid="6" />
                <SequencePoint vc="4" uspid="530" ordinal="0" offset="18" sl="106" sc="9" el="106" ec="9" bec="0" bev="0" fileid="6" />
              </SequencePoints>
              <BranchPoints />
            </Method>
            <Method visited="true" cyclomaticComplexity="0" nPathComplexity="0" sequenceCoverage="100.0" branchCoverage="0" crapScore="0" isConstructor="false" isStatic="false" isGetter="false" isSetter="false">
              <Summary numSequencePoints="2" visitedSequencePoints="2" numBranchPoints="0" visitedBranchPoints="0" sequenceCoverage="100.0" branchCoverage="0" maxCyclomaticComplexity="0" minCyclomaticComplexity="0" maxCrapScore="0" minCrapScore="0" visitedClasses="0" numClasses="0" visitedMethods="1" numMethods="1" />
              <MetadataToken>100663360</MetadataToken>
              <Name>System.Void Drush.Network.RoomManager::OnInput(Fusion.NetworkRunner, Fusion.NetworkInput)</Name>
              <FileRef uid="6" />
              <SequencePoints>
                <SequencePoint vc="515" uspid="545" ordinal="0" offset="0" sl="122" sc="71" el="122" ec="71" bec="0" bev="0" fileid="6" />
                <SequencePoint vc="515" uspid="546" ordinal="0" offset="1" sl="122" sc="73" el="122" ec="73" bec="0" bev="0" fileid="6" />
              </SequencePoints>
              <BranchPoints />
            </Method>
            <Method visited="true" cyclomaticComplexity="0" nPathComplexity="0" sequenceCoverage="100.0" branchCoverage="0" crapScore="0" isConstructor="false" isStatic="false" isGetter="false" isSetter="false">
              <Summary numSequencePoints="2" visitedSequencePoints="2" numBranchPoints="0" visitedBranchPoints="0" sequenceCoverage="100.0" branchCoverage="0" maxCyclomaticComplexity="0" minCyclomaticComplexity="0" maxCrapScore="0" minCrapScore="0" visitedClasses="0" numClasses="0" visitedMethods="1" numMethods="1" />
              <MetadataToken>100663362</MetadataToken>
              <Name>System.Void Drush.Network.RoomManager::OnShutdown(Fusion.NetworkRunner, Fusion.ShutdownReason)</Name>
              <FileRef uid="6" />
              <SequencePoints>
                <SequencePoint vc="3" uspid="549" ordinal="0" offset="0" sl="124" sc="85" el="124" ec="85" bec="0" bev="0" fileid="6" />
                <SequencePoint vc="3" uspid="550" ordinal="0" offset="1" sl="124" sc="87" el="124" ec="87" bec="0" bev="0" fileid="6" />
              </SequencePoints>
              <BranchPoints />
            </Method>
            <Method visited="true" cyclomaticComplexity="0" nPathComplexity="0" sequenceCoverage="100.0" branchCoverage="0" crapScore="0" isConstructor="false" isStatic="false" isGetter="false" isSetter="false">
              <Summary numSequencePoints="2" visitedSequencePoints="2" numBranchPoints="0" visitedBranchPoints="0" sequenceCoverage="100.0" branchCoverage="0" maxCyclomaticComplexity="0" minCyclomaticComplexity="0" maxCrapScore="0" minCrapScore="0" visitedClasses="0" numClasses="0" visitedMethods="1" numMethods="1" />
              <MetadataToken>100663368</MetadataToken>
              <Name>System.Void Drush.Network.RoomManager::OnObjectEnterAOI(Fusion.NetworkRunner, Fusion.NetworkObject, Fusion.PlayerRef)</Name>
              <FileRef uid="6" />
              <SequencePoints>
                <SequencePoint vc="4" uspid="561" ordinal="0" offset="0" sl="130" sc="97" el="130" ec="97" bec="0" bev="0" fileid="6" />
                <SequencePoint vc="4" uspid="562" ordinal="0" offset="1" sl="130" sc="99" el="130" ec="99" bec="0" bev="0" fileid="6" />
              </SequencePoints>
              <BranchPoints />
            </Method>
            <Method visited="true" cyclomaticComplexity="0" nPathComplexity="0" sequenceCoverage="100.0" branchCoverage="0" crapScore="0" isConstructor="true" isStatic="false" isGetter="false" isSetter="false">
              <Summary numSequencePoints="1" visitedSequencePoints="1" numBranchPoints="0" visitedBranchPoints="0" sequenceCoverage="100.0" branchCoverage="0" maxCyclomaticComplexity="0" minCyclomaticComplexity="0" maxCrapScore="0" minCrapScore="0" visitedClasses="0" numClasses="0" visitedMethods="1" numMethods="1" />
              <MetadataToken>100663370</MetadataToken>
              <Name>Drush.Network.RoomManager::RoomManager()</Name>
              <FileRef uid="6" />
              <SequencePoints>
                <SequencePoint vc="1" uspid="565" ordinal="0" offset="0" sl="14" sc="74" el="14" ec="74" bec="0" bev="0" fileid="6" />
              </SequencePoints>
              <BranchPoints />
            </Method>
          </Methods>
        </Class>
        <Class>
          <Summary numSequencePoints="15" visitedSequencePoints="14" numBranchPoints="0" visitedBranchPoints="0" sequenceCoverage="93.33" branchCoverage="0.0" maxCyclomaticComplexity="0" minCyclomaticComplexity="0" maxCrapScore="0" minCrapScore="0" visitedClasses="1" numClasses="1" visitedMethods="1" numMethods="1" />
          <FullName>Drush.Network.RoomManager/&lt;StartLobby&gt;d__7</FullName>
          <Methods>
            <Method visited="true" cyclomaticComplexity="0" nPathComplexity="0" sequenceCoverage="93.33" branchCoverage="0" crapScore="0" isConstructor="false" isStatic="false" isGetter="false" isSetter="false">
              <Summary numSequencePoints="15" visitedSequencePoints="14" numBranchPoints="0" visitedBranchPoints="0" sequenceCoverage="93.33" branchCoverage="0" maxCyclomaticComplexity="0" minCyclomaticComplexity="0" maxCrapScore="0" minCrapScore="0" visitedClasses="0" numClasses="0" visitedMethods="1" numMethods="1" />
              <MetadataToken>100663372</MetadataToken>
              <Name>System.Void Drush.Network.RoomManager/&lt;StartLobby&gt;d__7::MoveNext()</Name>
              <FileRef uid="6" />
              <SequencePoints>
                <SequencePoint vc="1" uspid="566" ordinal="0" offset="17" sl="25" sc="9" el="25" ec="9" bec="0" bev="0" fileid="6" />
                <SequencePoint vc="1" uspid="567" ordinal="0" offset="18" sl="26" sc="13" el="26" ec="13" bec="0" bev="0" fileid="6" />
                <SequencePoint vc="1" uspid="568" ordinal="0" offset="39" sl="27" sc="13" el="27" ec="13" bec="0" bev="0" fileid="6" />
                <SequencePoint vc="1" uspid="569" ordinal="0" offset="40" sl="28" sc="17" el="28" ec="17" bec="0" bev="0" fileid="6" />
                <SequencePoint vc="1" uspid="570" ordinal="0" offset="67" sl="29" sc="17" el="29" ec="17" bec="0" bev="0" fileid="6" />
                <SequencePoint vc="1" uspid="571" ordinal="0" offset="89" sl="30" sc="17" el="30" ec="17" bec="0" bev="0" fileid="6" />
                <SequencePoint vc="1" uspid="572" ordinal="0" offset="107" sl="31" sc="17" el="31" ec="17" bec="0" bev="0" fileid="6" />
                <SequencePoint vc="1" uspid="573" ordinal="0" offset="139" sl="32" sc="13" el="32" ec="13" bec="0" bev="0" fileid="6" />
                <SequencePoint vc="1" uspid="574" ordinal="0" offset="140" sl="34" sc="13" el="34" ec="13" bec="0" bev="0" fileid="6" />
                <SequencePoint vc="1" uspid="575" ordinal="0" offset="200" sl="34" sc="13" el="34" ec="13" bec="0" bev="0" fileid="6" />
                <SequencePoint vc="1" uspid="576" ordinal="0" offset="231" sl="34" sc="13" el="34" ec="13" bec="0" bev="0" fileid="6" />
                <SequencePoint vc="1" uspid="577" ordinal="0" offset="291" sl="36" sc="13" el="36" ec="13" bec="0" bev="0" fileid="6" />
                <SequencePoint vc="1" uspid="578" ordinal="0" offset="308" sl="37" sc="17" el="37" ec="17" bec="0" bev="0" fileid="6" />
                <SequencePoint vc="0" uspid="579" ordinal="0" offset="316" sl="39" sc="17" el="39" ec="17" bec="0" bev="0" fileid="6" />
                <SequencePoint vc="1" uspid="580" ordinal="0" offset="383" sl="40" sc="9" el="40" ec="9" bec="0" bev="0" fileid="6" />
              </SequencePoints>
              <BranchPoints />
            </Method>
          </Methods>
        </Class>
        <Class>
          <Summary numSequencePoints="9" visitedSequencePoints="9" numBranchPoints="0" visitedBranchPoints="0" sequenceCoverage="100.0" branchCoverage="0.0" maxCyclomaticComplexity="0" minCyclomaticComplexity="0" maxCrapScore="0" minCrapScore="0" visitedClasses="1" numClasses="1" visitedMethods="3" numMethods="3" />
          <FullName>Drush.Manager.EventManager</FullName>
          <Methods>
            <Method visited="true" cyclomaticComplexity="0" nPathComplexity="0" sequenceCoverage="100.0" branchCoverage="0" crapScore="0" isConstructor="false" isStatic="true" isGetter="false" isSetter="false">
              <Summary numSequencePoints="3" visitedSequencePoints="3" numBranchPoints="0" visitedBranchPoints="0" sequenceCoverage="100.0" branchCoverage="0" maxCyclomaticComplexity="0" minCyclomaticComplexity="0" maxCrapScore="0" minCrapScore="0" visitedClasses="0" numClasses="0" visitedMethods="1" numMethods="1" />
              <MetadataToken>100663390</MetadataToken>
              <Name>static System.Void Drush.Manager.EventManager::AddToScrollView(System.String)</Name>
              <FileRef uid="8" />
              <SequencePoints>
                <SequencePoint vc="4" uspid="587" ordinal="0" offset="0" sl="20" sc="9" el="20" ec="9" bec="0" bev="0" fileid="8" />
                <SequencePoint vc="4" uspid="588" ordinal="0" offset="1" sl="21" sc="13" el="21" ec="13" bec="0" bev="0" fileid="8" />
                <SequencePoint vc="4" uspid="589" ordinal="0" offset="19" sl="22" sc="9" el="22" ec="9" bec="0" bev="0" fileid="8" />
              </SequencePoints>
              <BranchPoints />
            </Method>
            <Method visited="true" cyclomaticComplexity="0" nPathComplexity="0" sequenceCoverage="100.0" branchCoverage="0" crapScore="0" isConstructor="false" isStatic="true" isGetter="false" isSetter="false">
              <Summary numSequencePoints="3" visitedSequencePoints="3" numBranchPoints="0" visitedBranchPoints="0" sequenceCoverage="100.0" branchCoverage="0" maxCyclomaticComplexity="0" minCyclomaticComplexity="0" maxCrapScore="0" minCrapScore="0" visitedClasses="0" numClasses="0" visitedMethods="1" numMethods="1" />
              <MetadataToken>100663393</MetadataToken>
              <Name>static System.Void Drush.Manager.EventManager::OnLobbyJoinned()</Name>
              <FileRef uid="8" />
              <SequencePoints>
                <SequencePoint vc="1" uspid="596" ordinal="0" offset="0" sl="46" sc="9" el="46" ec="9" bec="0" bev="0" fileid="8" />
                <SequencePoint vc="1" uspid="597" ordinal="0" offset="1" sl="47" sc="13" el="47" ec="13" bec="0" bev="0" fileid="8" />
                <SequencePoint vc="1" uspid="598" ordinal="0" offset="18" sl="48" sc="9" el="48" ec="9" bec="0" bev="0" fileid="8" />
              </SequencePoints>
              <BranchPoints />
            </Method>
            <Method visited="true" cyclomaticComplexity="0" nPathComplexity="0" sequenceCoverage="100.0" branchCoverage="0" crapScore="0" isConstructor="false" isStatic="true" isGetter="false" isSetter="false">
              <Summary numSequencePoints="3" visitedSequencePoints="3" numBranchPoints="0" visitedBranchPoints="0" sequenceCoverage="100.0" branchCoverage="0" maxCyclomaticComplexity="0" minCyclomaticComplexity="0" maxCrapScore="0" minCrapScore="0" visitedClasses="0" numClasses="0" visitedMethods="1" numMethods="1" />
              <MetadataToken>100663394</MetadataToken>
              <Name>static System.Void Drush.Manager.EventManager::OnRoomJoinned()</Name>
              <FileRef uid="8" />
              <SequencePoints>
                <SequencePoint vc="4" uspid="599" ordinal="0" offset="0" sl="54" sc="9" el="54" ec="9" bec="0" bev="0" fileid="8" />
                <SequencePoint vc="4" uspid="600" ordinal="0" offset="1" sl="55" sc="13" el="55" ec="13" bec="0" bev="0" fileid="8" />
                <SequencePoint vc="4" uspid="601" ordinal="0" offset="18" sl="56" sc="9" el="56" ec="9" bec="0" bev="0" fileid="8" />
              </SequencePoints>
              <BranchPoints />
            </Method>
          </Methods>
        </Class>
        <Class>
          <Summary numSequencePoints="27" visitedSequencePoints="26" numBranchPoints="0" visitedBranchPoints="0" sequenceCoverage="96.30" branchCoverage="0.0" maxCyclomaticComplexity="0" minCyclomaticComplexity="0" maxCrapScore="0" minCrapScore="0" visitedClasses="1" numClasses="1" visitedMethods="4" numMethods="4" />
          <FullName>Drush.Manager.UIManager</FullName>
          <Methods>
            <Method visited="true" cyclomaticComplexity="0" nPathComplexity="0" sequenceCoverage="100.0" branchCoverage="0" crapScore="0" isConstructor="false" isStatic="false" isGetter="false" isSetter="false">
              <Summary numSequencePoints="6" visitedSequencePoints="6" numBranchPoints="0" visitedBranchPoints="0" sequenceCoverage="100.0" branchCoverage="0" maxCyclomaticComplexity="0" minCyclomaticComplexity="0" maxCrapScore="0" minCrapScore="0" visitedClasses="0" numClasses="0" visitedMethods="1" numMethods="1" />
              <MetadataToken>100663397</MetadataToken>
              <Name>System.Void Drush.Manager.UIManager::OnEnable()</Name>
              <FileRef uid="9" />
              <SequencePoints>
                <SequencePoint vc="1" uspid="605" ordinal="0" offset="0" sl="26" sc="9" el="26" ec="9" bec="0" bev="0" fileid="9" />
                <SequencePoint vc="1" uspid="606" ordinal="0" offset="1" sl="27" sc="13" el="27" ec="13" bec="0" bev="0" fileid="9" />
                <SequencePoint vc="1" uspid="607" ordinal="0" offset="19" sl="28" sc="13" el="28" ec="13" bec="0" bev="0" fileid="9" />
                <SequencePoint vc="1" uspid="608" ordinal="0" offset="37" sl="29" sc="13" el="29" ec="13" bec="0" bev="0" fileid="9" />
                <SequencePoint vc="1" uspid="609" ordinal="0" offset="55" sl="30" sc="13" el="30" ec="13" bec="0" bev="0" fileid="9" />
                <SequencePoint vc="1" uspid="610" ordinal="0" offset="73" sl="31" sc="9" el="31" ec="9" bec="0" bev="0" fileid="9" />
              </SequencePoints>
              <BranchPoints />
            </Method>
            <Method visited="true" cyclomaticComplexity="0" nPathComplexity="0" sequenceCoverage="100.0" branchCoverage="0" crapScore="0" isConstructor="false" isStatic="false" isGetter="false" isSetter="false">
              <Summary numSequencePoints="11" visitedSequencePoints="11" numBranchPoints="0" visitedBranchPoints="0" sequenceCoverage="100.0" branchCoverage="0" maxCyclomaticComplexity="0" minCyclomaticComplexity="0" maxCrapScore="0" minCrapScore="0" visitedClasses="0" numClasses="0" visitedMethods="1" numMethods="1" />
              <MetadataToken>100663398</MetadataToken>
              <Name>System.Void Drush.Manager.UIManager::AddButtonToScrollView(System.String)</Name>
              <FileRef uid="9" />
              <SequencePoints>
                <SequencePoint vc="4" uspid="611" ordinal="0" offset="0" sl="38" sc="9" el="38" ec="9" bec="0" bev="0" fileid="9" />
                <SequencePoint vc="4" uspid="612" ordinal="0" offset="1" sl="39" sc="13" el="39" ec="13" bec="0" bev="0" fileid="9" />
                <SequencePoint vc="4" uspid="613" ordinal="0" offset="24" sl="41" sc="13" el="41" ec="13" bec="0" bev="0" fileid="9" />
                <SequencePoint vc="4" uspid="614" ordinal="0" offset="31" sl="42" sc="13" el="42" ec="13" bec="0" bev="0" fileid="9" />
                <SequencePoint vc="4" uspid="615" ordinal="0" offset="42" sl="43" sc="17" el="43" ec="17" bec="0" bev="0" fileid="9" />
                <SequencePoint vc="4" uspid="616" ordinal="0" offset="50" sl="45" sc="13" el="45" ec="13" bec="0" bev="0" fileid="9" />
                <SequencePoint vc="4" uspid="617" ordinal="0" offset="57" sl="46" sc="13" el="46" ec="13" bec="0" bev="0" fileid="9" />
                <SequencePoint vc="4" uspid="618" ordinal="0" offset="70" sl="47" sc="13" el="47" ec="13" bec="0" bev="0" fileid="9" />
                <SequencePoint vc="4" uspid="619" ordinal="0" offset="71" sl="48" sc="17" el="48" ec="17" bec="0" bev="0" fileid="9" />
                <SequencePoint vc="4" uspid="620" ordinal="0" offset="114" sl="52" sc="13" el="52" ec="13" bec="0" bev="0" fileid="9" />
                <SequencePoint vc="4" uspid="621" ordinal="0" offset="115" sl="53" sc="9" el="53" ec="9" bec="0" bev="0" fileid="9" />
              </SequencePoints>
              <BranchPoints />
            </Method>
            <Method visited="true" cyclomaticComplexity="0" nPathComplexity="0" sequenceCoverage="80.00" branchCoverage="0" crapScore="0" isConstructor="false" isStatic="false" isGetter="false" isSetter="false">
              <Summary numSequencePoints="5" visitedSequencePoints="4" numBranchPoints="0" visitedBranchPoints="0" sequenceCoverage="80.00" branchCoverage="0" maxCyclomaticComplexity="0" minCyclomaticComplexity="0" maxCrapScore="0" minCrapScore="0" visitedClasses="0" numClasses="0" visitedMethods="1" numMethods="1" />
              <MetadataToken>100663399</MetadataToken>
              <Name>System.Void Drush.Manager.UIManager::ShowLobbyUI()</Name>
              <FileRef uid="9" />
              <SequencePoints>
                <SequencePoint vc="1" uspid="622" ordinal="0" offset="0" sl="56" sc="9" el="56" ec="9" bec="0" bev="0" fileid="9" />
                <SequencePoint vc="1" uspid="623" ordinal="0" offset="1" sl="57" sc="13" el="57" ec="13" bec="0" bev="0" fileid="9" />
                <SequencePoint vc="0" uspid="624" ordinal="0" offset="16" sl="58" sc="17" el="58" ec="17" bec="0" bev="0" fileid="9" />
                <SequencePoint vc="1" uspid="625" ordinal="0" offset="31" sl="60" sc="17" el="60" ec="17" bec="0" bev="0" fileid="9" />
                <SequencePoint vc="1" uspid="626" ordinal="0" offset="44" sl="61" sc="9" el="61" ec="9" bec="0" bev="0" fileid="9" />
              </SequencePoints>
              <BranchPoints />
            </Method>
            <Method visited="true" cyclomaticComplexity="0" nPathComplexity="0" sequenceCoverage="100.0" branchCoverage="0" crapScore="0" isConstructor="false" isStatic="false" isGetter="false" isSetter="false">
              <Summary numSequencePoints="5" visitedSequencePoints="5" numBranchPoints="0" visitedBranchPoints="0" sequenceCoverage="100.0" branchCoverage="0" maxCyclomaticComplexity="0" minCyclomaticComplexity="0" maxCrapScore="0" minCrapScore="0" visitedClasses="0" numClasses="0" visitedMethods="1" numMethods="1" />
              <MetadataToken>100663400</MetadataToken>
              <Name>System.Void Drush.Manager.UIManager::ShowRoomUI()</Name>
              <FileRef uid="9" />
              <SequencePoints>
                <SequencePoint vc="4" uspid="627" ordinal="0" offset="0" sl="64" sc="9" el="64" ec="9" bec="0" bev="0" fileid="9" />
                <SequencePoint vc="4" uspid="628" ordinal="0" offset="1" sl="65" sc="13" el="65" ec="13" bec="0" bev="0" fileid="9" />
                <SequencePoint vc="2" uspid="629" ordinal="0" offset="16" sl="66" sc="17" el="66" ec="17" bec="0" bev="0" fileid="9" />
                <SequencePoint vc="2" uspid="630" ordinal="0" offset="31" sl="68" sc="17" el="68" ec="17" bec="0" bev="0" fileid="9" />
                <SequencePoint vc="4" uspid="631" ordinal="0" offset="44" sl="69" sc="9" el="69" ec="9" bec="0" bev="0" fileid="9" />
              </SequencePoints>
              <BranchPoints />
            </Method>
          </Methods>
        </Class>
      </Classes>
    </Module>
  </Modules>
</CoverageSession>